<?xml version="1.0" encoding="UTF-8"?>
<testng-results ignored="0" total="3" passed="2" failed="1" skipped="0">
  <reporter-output>
  </reporter-output>
  <suite started-at="2024-06-17T20:42:52 EEST" name="Default Suite" finished-at="2024-06-17T20:43:28 EEST" duration-ms="36366">
    <groups>
      <group name="data-driven">
        <method signature="CalculatorTestDD.calculate(java.lang.String,java.lang.String,java.lang.String,java.lang.String)[pri:0, instance:LastDemo.CalculatorTestDD@7f1302d6]" name="calculate" class="LastDemo.CalculatorTestDD"/>
      </group> <!-- data-driven -->
      <group name="smoke">
        <method signature="CalculatorTestDD.calculate(java.lang.String,java.lang.String,java.lang.String,java.lang.String)[pri:0, instance:LastDemo.CalculatorTestDD@7f1302d6]" name="calculate" class="LastDemo.CalculatorTestDD"/>
      </group> <!-- smoke -->
      <group name="positive">
        <method signature="CalculatorTestDD.calculate(java.lang.String,java.lang.String,java.lang.String,java.lang.String)[pri:0, instance:LastDemo.CalculatorTestDD@7f1302d6]" name="calculate" class="LastDemo.CalculatorTestDD"/>
      </group> <!-- positive -->
    </groups>
    <test started-at="2024-06-17T20:42:52 EEST" name="Training" finished-at="2024-06-17T20:43:28 EEST" duration-ms="36366">
      <class name="LastDemo.CalculatorTestDD">
        <test-method is-config="true" signature="setup(java.lang.String)[pri:0, instance:LastDemo.CalculatorTestDD@7f1302d6]" started-at="2024-06-17T20:42:55 EEST" name="setup" finished-at="2024-06-17T20:43:07 EEST" duration-ms="11510" status="PASS">
          <params>
            <param index="0">
              <value>
                <![CDATA[https://juliemr.github.io/protractor-demo/]]>
              </value>
            </param>
          </params>
          <reporter-output>
          </reporter-output>
        </test-method> <!-- setup -->
        <test-method signature="calculate(java.lang.String,java.lang.String,java.lang.String,java.lang.String)[pri:0, instance:LastDemo.CalculatorTestDD@7f1302d6]" started-at="2024-06-17T20:43:07 EEST" name="calculate" data-provider="CalcDataProvider" finished-at="2024-06-17T20:43:10 EEST" duration-ms="3544" status="PASS">
          <params>
            <param index="0">
              <value>
                <![CDATA[1]]>
              </value>
            </param>
            <param index="1">
              <value>
                <![CDATA[+]]>
              </value>
            </param>
            <param index="2">
              <value>
                <![CDATA[1]]>
              </value>
            </param>
            <param index="3">
              <value>
                <![CDATA[2]]>
              </value>
            </param>
          </params>
          <reporter-output>
          </reporter-output>
        </test-method> <!-- calculate -->
        <test-method is-config="true" signature="teardown(org.testng.ITestResult)[pri:0, instance:LastDemo.CalculatorTestDD@7f1302d6]" started-at="2024-06-17T20:43:10 EEST" name="teardown" finished-at="2024-06-17T20:43:11 EEST" duration-ms="585" status="PASS">
          <params>
            <param index="0">
              <value>
                <![CDATA[[TestResult name=calculate status=SUCCESS method=CalculatorTestDD.calculate(java.lang.String,java.lang.String,java.lang.String,java.lang.String)[pri:0, instance:LastDemo.CalculatorTestDD@7f1302d6] output={null}]]]>
              </value>
            </param>
          </params>
          <reporter-output>
          </reporter-output>
        </test-method> <!-- teardown -->
        <test-method is-config="true" signature="setup(java.lang.String)[pri:0, instance:LastDemo.CalculatorTestDD@7f1302d6]" started-at="2024-06-17T20:43:11 EEST" name="setup" finished-at="2024-06-17T20:43:14 EEST" duration-ms="3366" status="PASS">
          <params>
            <param index="0">
              <value>
                <![CDATA[https://juliemr.github.io/protractor-demo/]]>
              </value>
            </param>
          </params>
          <reporter-output>
          </reporter-output>
        </test-method> <!-- setup -->
        <test-method signature="calculate(java.lang.String,java.lang.String,java.lang.String,java.lang.String)[pri:0, instance:LastDemo.CalculatorTestDD@7f1302d6]" started-at="2024-06-17T20:43:14 EEST" name="calculate" data-provider="CalcDataProvider" finished-at="2024-06-17T20:43:18 EEST" duration-ms="3621" status="PASS">
          <params>
            <param index="0">
              <value>
                <![CDATA[1]]>
              </value>
            </param>
            <param index="1">
              <value>
                <![CDATA[-]]>
              </value>
            </param>
            <param index="2">
              <value>
                <![CDATA[2]]>
              </value>
            </param>
            <param index="3">
              <value>
                <![CDATA[-1]]>
              </value>
            </param>
          </params>
          <reporter-output>
          </reporter-output>
        </test-method> <!-- calculate -->
        <test-method is-config="true" signature="teardown(org.testng.ITestResult)[pri:0, instance:LastDemo.CalculatorTestDD@7f1302d6]" started-at="2024-06-17T20:43:18 EEST" name="teardown" finished-at="2024-06-17T20:43:19 EEST" duration-ms="510" status="PASS">
          <params>
            <param index="0">
              <value>
                <![CDATA[[TestResult name=calculate status=SUCCESS method=CalculatorTestDD.calculate(java.lang.String,java.lang.String,java.lang.String,java.lang.String)[pri:0, instance:LastDemo.CalculatorTestDD@7f1302d6] output={null}]]]>
              </value>
            </param>
          </params>
          <reporter-output>
          </reporter-output>
        </test-method> <!-- teardown -->
        <test-method is-config="true" signature="setup(java.lang.String)[pri:0, instance:LastDemo.CalculatorTestDD@7f1302d6]" started-at="2024-06-17T20:43:19 EEST" name="setup" finished-at="2024-06-17T20:43:22 EEST" duration-ms="3410" status="PASS">
          <params>
            <param index="0">
              <value>
                <![CDATA[https://juliemr.github.io/protractor-demo/]]>
              </value>
            </param>
          </params>
          <reporter-output>
          </reporter-output>
        </test-method> <!-- setup -->
        <test-method signature="calculate(java.lang.String,java.lang.String,java.lang.String,java.lang.String)[pri:0, instance:LastDemo.CalculatorTestDD@7f1302d6]" started-at="2024-06-17T20:43:22 EEST" name="calculate" data-provider="CalcDataProvider" finished-at="2024-06-17T20:43:28 EEST" duration-ms="5643" status="FAIL">
          <params>
            <param index="0">
              <value>
                <![CDATA[2]]>
              </value>
            </param>
            <param index="1">
              <value>
                <![CDATA[+]]>
              </value>
            </param>
            <param index="2">
              <value>
                <![CDATA[3]]>
              </value>
            </param>
            <param index="3">
              <value>
                <![CDATA[6]]>
              </value>
            </param>
          </params>
          <exception class="org.openqa.selenium.TimeoutException">
            <message>
              <![CDATA[Expected condition failed: waiting for element found by By.cssSelector: h2.ng-binding to have value "6". Current value: "5" (tried for 5 second(s) with 250 milliseconds interval)
Build info: version: '4.20.0', revision: '866c76ca80'
System info: os.name: 'Windows 10', os.arch: 'amd64', os.version: '10.0', java.version: '22.0.1'
Driver info: org.openqa.selenium.chrome.ChromeDriver
Capabilities {acceptInsecureCerts: false, browserName: chrome, browserVersion: 126.0.6478.61, chrome: {chromedriverVersion: 126.0.6478.61 (8dc092df54ce..., userDataDir: C:\Users\LE812~1.TAK\AppDat...}, fedcm:accounts: true, goog:chromeOptions: {debuggerAddress: localhost:61845}, networkConnectionEnabled: false, pageLoadStrategy: normal, platformName: windows, proxy: Proxy(), se:cdp: ws://localhost:61845/devtoo..., se:cdpVersion: 126.0.6478.61, setWindowRect: true, strictFileInteractability: false, timeouts: {implicit: 0, pageLoad: 300000, script: 30000}, unhandledPromptBehavior: dismiss and notify, webauthn:extension:credBlob: true, webauthn:extension:largeBlob: true, webauthn:extension:minPinLength: true, webauthn:extension:prf: true, webauthn:virtualAuthenticators: true}
Session ID: 2f753fa3949ee4010e1891d935a46ea6]]>
            </message>
            <full-stacktrace>
              <![CDATA[org.openqa.selenium.TimeoutException: Expected condition failed: waiting for element found by By.cssSelector: h2.ng-binding to have value "6". Current value: "5" (tried for 5 second(s) with 250 milliseconds interval)
Build info: version: '4.20.0', revision: '866c76ca80'
System info: os.name: 'Windows 10', os.arch: 'amd64', os.version: '10.0', java.version: '22.0.1'
Driver info: org.openqa.selenium.chrome.ChromeDriver
Capabilities {acceptInsecureCerts: false, browserName: chrome, browserVersion: 126.0.6478.61, chrome: {chromedriverVersion: 126.0.6478.61 (8dc092df54ce..., userDataDir: C:\Users\LE812~1.TAK\AppDat...}, fedcm:accounts: true, goog:chromeOptions: {debuggerAddress: localhost:61845}, networkConnectionEnabled: false, pageLoadStrategy: normal, platformName: windows, proxy: Proxy(), se:cdp: ws://localhost:61845/devtoo..., se:cdpVersion: 126.0.6478.61, setWindowRect: true, strictFileInteractability: false, timeouts: {implicit: 0, pageLoad: 300000, script: 30000}, unhandledPromptBehavior: dismiss and notify, webauthn:extension:credBlob: true, webauthn:extension:largeBlob: true, webauthn:extension:minPinLength: true, webauthn:extension:prf: true, webauthn:virtualAuthenticators: true}
Session ID: 2f753fa3949ee4010e1891d935a46ea6
at org.openqa.selenium.support.ui.WebDriverWait.timeoutException(WebDriverWait.java:84)
at org.openqa.selenium.support.ui.FluentWait.until(FluentWait.java:228)
at LastDemo.CalculatorTestDD.calculate(CalculatorTestDD.java:71)
at java.base/jdk.internal.reflect.DirectMethodHandleAccessor.invoke(DirectMethodHandleAccessor.java:103)
at java.base/java.lang.reflect.Method.invoke(Method.java:580)
at org.testng.internal.invokers.MethodInvocationHelper.invokeMethod(MethodInvocationHelper.java:139)
at org.testng.internal.invokers.TestInvoker.invokeMethod(TestInvoker.java:677)
at org.testng.internal.invokers.TestInvoker.invokeTestMethod(TestInvoker.java:221)
at org.testng.internal.invokers.MethodRunner.runInSequence(MethodRunner.java:50)
at org.testng.internal.invokers.TestInvoker$MethodInvocationAgent.invoke(TestInvoker.java:969)
at org.testng.internal.invokers.TestInvoker.invokeTestMethods(TestInvoker.java:194)
at org.testng.internal.invokers.TestMethodWorker.invokeTestMethods(TestMethodWorker.java:148)
at org.testng.internal.invokers.TestMethodWorker.run(TestMethodWorker.java:128)
at java.base/java.util.ArrayList.forEach(ArrayList.java:1597)
at org.testng.TestRunner.privateRun(TestRunner.java:829)
at org.testng.TestRunner.run(TestRunner.java:602)
at org.testng.SuiteRunner.runTest(SuiteRunner.java:437)
at org.testng.SuiteRunner.runSequentially(SuiteRunner.java:431)
at org.testng.SuiteRunner.privateRun(SuiteRunner.java:391)
at org.testng.SuiteRunner.run(SuiteRunner.java:330)
at org.testng.SuiteRunnerWorker.runSuite(SuiteRunnerWorker.java:52)
at org.testng.SuiteRunnerWorker.run(SuiteRunnerWorker.java:95)
at org.testng.TestNG.runSuitesSequentially(TestNG.java:1256)
at org.testng.TestNG.runSuitesLocally(TestNG.java:1176)
at org.testng.TestNG.runSuites(TestNG.java:1099)
at org.testng.TestNG.run(TestNG.java:1067)
at com.intellij.rt.testng.IDEARemoteTestNG.run(IDEARemoteTestNG.java:65)
at com.intellij.rt.testng.RemoteTestNGStarter.main(RemoteTestNGStarter.java:105)
]]>
            </full-stacktrace>
          </exception> <!-- org.openqa.selenium.TimeoutException -->
          <reporter-output>
          </reporter-output>
        </test-method> <!-- calculate -->
        <test-method is-config="true" signature="teardown(org.testng.ITestResult)[pri:0, instance:LastDemo.CalculatorTestDD@7f1302d6]" started-at="2024-06-17T20:43:28 EEST" name="teardown" finished-at="2024-06-17T20:43:28 EEST" duration-ms="658" status="PASS">
          <params>
            <param index="0">
              <value>
                <![CDATA[[TestResult name=calculate status=FAILURE method=CalculatorTestDD.calculate(java.lang.String,java.lang.String,java.lang.String,java.lang.String)[pri:0, instance:LastDemo.CalculatorTestDD@7f1302d6] output={null}]]]>
              </value>
            </param>
          </params>
          <reporter-output>
          </reporter-output>
        </test-method> <!-- teardown -->
      </class> <!-- LastDemo.CalculatorTestDD -->
    </test> <!-- Training -->
  </suite> <!-- Default Suite -->
</testng-results>
